Determining if the pthread_create exist failed with the following output:
Change Dir: /home/nalindas9/Documents/Courses/Spring_2020_Semester_2/ENPM661_Planning_For_Autonomous_Robots/Github/Project_3/path-planning-astar-turtlebot/turtlebot3_ws/build/CMakeFiles/CMakeTmp

Run Build Command:"/usr/bin/make" "cmTC_4cdce/fast"
/usr/bin/make -f CMakeFiles/cmTC_4cdce.dir/build.make CMakeFiles/cmTC_4cdce.dir/build
make[1]: Entering directory '/home/nalindas9/Documents/Courses/Spring_2020_Semester_2/ENPM661_Planning_For_Autonomous_Robots/Github/Project_3/path-planning-astar-turtlebot/turtlebot3_ws/build/CMakeFiles/CMakeTmp'
Building C object CMakeFiles/cmTC_4cdce.dir/CheckSymbolExists.c.o
/usr/bin/cc     -o CMakeFiles/cmTC_4cdce.dir/CheckSymbolExists.c.o   -c /home/nalindas9/Documents/Courses/Spring_2020_Semester_2/ENPM661_Planning_For_Autonomous_Robots/Github/Project_3/path-planning-astar-turtlebot/turtlebot3_ws/build/CMakeFiles/CMakeTmp/CheckSymbolExists.c
Linking C executable cmTC_4cdce
/usr/bin/cmake -E cmake_link_script CMakeFiles/cmTC_4cdce.dir/link.txt --verbose=1
/usr/bin/cc       CMakeFiles/cmTC_4cdce.dir/CheckSymbolExists.c.o  -o cmTC_4cdce -rdynamic 
CMakeFiles/cmTC_4cdce.dir/CheckSymbolExists.c.o: In function `main':
CheckSymbolExists.c:(.text+0x16): undefined reference to `pthread_create'
collect2: error: ld returned 1 exit status
CMakeFiles/cmTC_4cdce.dir/build.make:97: recipe for target 'cmTC_4cdce' failed
make[1]: *** [cmTC_4cdce] Error 1
make[1]: Leaving directory '/home/nalindas9/Documents/Courses/Spring_2020_Semester_2/ENPM661_Planning_For_Autonomous_Robots/Github/Project_3/path-planning-astar-turtlebot/turtlebot3_ws/build/CMakeFiles/CMakeTmp'
Makefile:126: recipe for target 'cmTC_4cdce/fast' failed
make: *** [cmTC_4cdce/fast] Error 2

File /home/nalindas9/Documents/Courses/Spring_2020_Semester_2/ENPM661_Planning_For_Autonomous_Robots/Github/Project_3/path-planning-astar-turtlebot/turtlebot3_ws/build/CMakeFiles/CMakeTmp/CheckSymbolExists.c:
/* */
#include <pthread.h>

int main(int argc, char** argv)
{
  (void)argv;
#ifndef pthread_create
  return ((int*)(&pthread_create))[argc];
#else
  (void)argc;
  return 0;
#endif
}

Determining if the function pthread_create exists in the pthreads failed with the following output:
Change Dir: /home/nalindas9/Documents/Courses/Spring_2020_Semester_2/ENPM661_Planning_For_Autonomous_Robots/Github/Project_3/path-planning-astar-turtlebot/turtlebot3_ws/build/CMakeFiles/CMakeTmp

Run Build Command:"/usr/bin/make" "cmTC_e57b6/fast"
/usr/bin/make -f CMakeFiles/cmTC_e57b6.dir/build.make CMakeFiles/cmTC_e57b6.dir/build
make[1]: Entering directory '/home/nalindas9/Documents/Courses/Spring_2020_Semester_2/ENPM661_Planning_For_Autonomous_Robots/Github/Project_3/path-planning-astar-turtlebot/turtlebot3_ws/build/CMakeFiles/CMakeTmp'
Building C object CMakeFiles/cmTC_e57b6.dir/CheckFunctionExists.c.o
/usr/bin/cc    -DCHECK_FUNCTION_EXISTS=pthread_create   -o CMakeFiles/cmTC_e57b6.dir/CheckFunctionExists.c.o   -c /usr/share/cmake-3.5/Modules/CheckFunctionExists.c
Linking C executable cmTC_e57b6
/usr/bin/cmake -E cmake_link_script CMakeFiles/cmTC_e57b6.dir/link.txt --verbose=1
/usr/bin/cc   -DCHECK_FUNCTION_EXISTS=pthread_create    CMakeFiles/cmTC_e57b6.dir/CheckFunctionExists.c.o  -o cmTC_e57b6 -rdynamic -lpthreads 
/usr/bin/ld: cannot find -lpthreads
collect2: error: ld returned 1 exit status
CMakeFiles/cmTC_e57b6.dir/build.make:97: recipe for target 'cmTC_e57b6' failed
make[1]: *** [cmTC_e57b6] Error 1
make[1]: Leaving directory '/home/nalindas9/Documents/Courses/Spring_2020_Semester_2/ENPM661_Planning_For_Autonomous_Robots/Github/Project_3/path-planning-astar-turtlebot/turtlebot3_ws/build/CMakeFiles/CMakeTmp'
Makefile:126: recipe for target 'cmTC_e57b6/fast' failed
make: *** [cmTC_e57b6/fast] Error 2


